#-----------------------------------------------------------
# Vivado v2018.1 (64-bit)
# SW Build 2188600 on Wed Apr  4 18:40:38 MDT 2018
# IP Build 2185939 on Wed Apr  4 20:55:05 MDT 2018
# Start of session at: Tue Jan 17 11:21:40 2023
# Process ID: 5124
# Current directory: C:/Users/dkeum/audio_tutorial/audio_tutorial
# Command line: vivado.exe -gui_launcher_event rodinguilauncherevent12892 C:\Users\dkeum\audio_tutorial\audio_tutorial\audio_tutorial.xpr
# Log file: C:/Users/dkeum/audio_tutorial/audio_tutorial/vivado.log
# Journal file: C:/Users/dkeum/audio_tutorial/audio_tutorial\vivado.jou
#-----------------------------------------------------------
start_gui
open_project C:/Users/dkeum/audio_tutorial/audio_tutorial/audio_tutorial.xpr
ERROR: [BD 41-2004] The design in BD file 'design_1.bd' is empty. An error must have occurred while reading the file.
CRITICAL WARNING: [Project 1-19] Could not find the file '$PGENDIR/sources_1/bd/design_1/hdl/design_1_wrapper.vhd'.
ERROR: [Project 1-208] No val for DA Elab Attr
Scanning sources...
Finished scanning sources
CRITICAL WARNING: [Project 1-192] Failed to load run synth_1. Strategy Vivado Synthesis Defaults (Vivado Synthesis 2020) not recognized by Vivado. 

CRITICAL WARNING: [Project 1-192] Failed to load run design_1_processing_system7_0_0_synth_1. Strategy Vivado Synthesis Defaults (Vivado Synthesis 2020) not recognized by Vivado. 

CRITICAL WARNING: [Project 1-192] Failed to load run design_1_xbar_0_synth_1. Strategy Vivado Synthesis Defaults (Vivado Synthesis 2020) not recognized by Vivado. 

CRITICAL WARNING: [Project 1-192] Failed to load run design_1_zed_audio_ctrl_0_0_synth_1. Strategy Vivado Synthesis Defaults (Vivado Synthesis 2020) not recognized by Vivado. 

CRITICAL WARNING: [Project 1-192] Failed to load run design_1_axi_gpio_0_0_synth_1. Strategy Vivado Synthesis Defaults (Vivado Synthesis 2020) not recognized by Vivado. 

CRITICAL WARNING: [Project 1-192] Failed to load run design_1_led_controller_0_0_synth_1. Strategy Vivado Synthesis Defaults (Vivado Synthesis 2020) not recognized by Vivado. 

CRITICAL WARNING: [Project 1-192] Failed to load run design_1_axi_gpio_1_0_synth_1. Strategy Vivado Synthesis Defaults (Vivado Synthesis 2020) not recognized by Vivado. 

CRITICAL WARNING: [Project 1-192] Failed to load run design_1_rst_ps7_0_100M_1_synth_1. Strategy Vivado Synthesis Defaults (Vivado Synthesis 2020) not recognized by Vivado. 

CRITICAL WARNING: [Project 1-192] Failed to load run impl_1. Strategy Vivado Implementation Defaults (Vivado Implementation 2020) not recognized by Vivado. 

CRITICAL WARNING: [Project 1-192] Failed to load run design_1_processing_system7_0_0_impl_1. Strategy Vivado Implementation Defaults (Vivado Implementation 2020) not recognized by Vivado. 

CRITICAL WARNING: [Project 1-192] Failed to load run design_1_xbar_0_impl_1. Strategy Vivado Implementation Defaults (Vivado Implementation 2020) not recognized by Vivado. 

CRITICAL WARNING: [Project 1-192] Failed to load run design_1_zed_audio_ctrl_0_0_impl_1. Strategy Vivado Implementation Defaults (Vivado Implementation 2020) not recognized by Vivado. 

CRITICAL WARNING: [Project 1-192] Failed to load run design_1_axi_gpio_0_0_impl_1. Strategy Vivado Implementation Defaults (Vivado Implementation 2020) not recognized by Vivado. 

CRITICAL WARNING: [Project 1-192] Failed to load run design_1_led_controller_0_0_impl_1. Strategy Vivado Implementation Defaults (Vivado Implementation 2020) not recognized by Vivado. 

CRITICAL WARNING: [Project 1-192] Failed to load run design_1_axi_gpio_1_0_impl_1. Strategy Vivado Implementation Defaults (Vivado Implementation 2020) not recognized by Vivado. 

CRITICAL WARNING: [Project 1-192] Failed to load run design_1_rst_ps7_0_100M_1_impl_1. Strategy Vivado Implementation Defaults (Vivado Implementation 2020) not recognized by Vivado. 

CRITICAL WARNING: [Project 1-532] XML ERROR: Project Option SimulatorInstallDirModelSim has no valid value
CRITICAL WARNING: [Project 1-532] XML ERROR: Project Option SimulatorInstallDirQuesta has no valid value
CRITICAL WARNING: [Project 1-532] XML ERROR: Project Option SimulatorInstallDirIES has no valid value
CRITICAL WARNING: [Project 1-532] XML ERROR: Project Option SimulatorInstallDirXcelium has no valid value
CRITICAL WARNING: [Project 1-532] XML ERROR: Project Option SimulatorInstallDirVCS has no valid value
CRITICAL WARNING: [Project 1-532] XML ERROR: Project Option SimulatorInstallDirRiviera has no valid value
CRITICAL WARNING: [Project 1-532] XML ERROR: Project Option SimulatorInstallDirActiveHdl has no valid value
CRITICAL WARNING: [Project 1-532] XML ERROR: Project Option SimulatorGccInstallDirModelSim has no valid value
CRITICAL WARNING: [Project 1-532] XML ERROR: Project Option SimulatorGccInstallDirQuesta has no valid value
CRITICAL WARNING: [Project 1-532] XML ERROR: Project Option SimulatorGccInstallDirIES has no valid value
CRITICAL WARNING: [Project 1-532] XML ERROR: Project Option SimulatorGccInstallDirXcelium has no valid value
CRITICAL WARNING: [Project 1-532] XML ERROR: Project Option SimulatorGccInstallDirVCS has no valid value
CRITICAL WARNING: [Project 1-532] XML ERROR: Project Option SimulatorGccInstallDirRiviera has no valid value
CRITICAL WARNING: [Project 1-532] XML ERROR: Project Option SimulatorGccInstallDirActiveHdl has no valid value
CRITICAL WARNING: [Project 1-505] Unrecognized Option Name IPDefaultOutputPath
CRITICAL WARNING: [Project 1-505] Unrecognized Option Name MEMEnableMemoryMapGeneration
CRITICAL WARNING: [Project 1-505] Unrecognized Option Name DcpsUptoDate
WARNING: [BD 41-1663] The design 'design_1.bd' cannot be modified due to following reason(s):
* Project is read-only. Please run 'save_project_as' before making any change to the bd-design. 

WARNING: [Project 1-533] File 'C:/Users/dkeum/audio_tutorial/audio_tutorial/audio_tutorial.srcs/sources_1/bd/design_1/ip/design_1_rst_ps7_0_100M_1/design_1_rst_ps7_0_100M_1.xci' could not be found in the subdesign 'C:/Users/dkeum/audio_tutorial/audio_tutorial/audio_tutorial.srcs/sources_1/bd/design_1/design_1.bd', but fileset 'design_1_rst_ps7_0_100M_1' still exists. The fileset and corresponding run(s) will be deleted the next time top-level synthesis is run.
WARNING: [Project 1-533] File 'C:/Users/dkeum/audio_tutorial/audio_tutorial/audio_tutorial.srcs/sources_1/bd/design_1/ip/design_1_axi_gpio_1_0/design_1_axi_gpio_1_0.xci' could not be found in the subdesign 'C:/Users/dkeum/audio_tutorial/audio_tutorial/audio_tutorial.srcs/sources_1/bd/design_1/design_1.bd', but fileset 'design_1_axi_gpio_1_0' still exists. The fileset and corresponding run(s) will be deleted the next time top-level synthesis is run.
WARNING: [Project 1-533] File 'C:/Users/dkeum/audio_tutorial/audio_tutorial/audio_tutorial.srcs/sources_1/bd/design_1/ip/design_1_zed_audio_ctrl_0_0/design_1_zed_audio_ctrl_0_0.xci' could not be found in the subdesign 'C:/Users/dkeum/audio_tutorial/audio_tutorial/audio_tutorial.srcs/sources_1/bd/design_1/design_1.bd', but fileset 'design_1_zed_audio_ctrl_0_0' still exists. The fileset and corresponding run(s) will be deleted the next time top-level synthesis is run.
WARNING: [Project 1-533] File 'C:/Users/dkeum/audio_tutorial/audio_tutorial/audio_tutorial.srcs/sources_1/bd/design_1/ip/design_1_led_controller_0_0/design_1_led_controller_0_0.xci' could not be found in the subdesign 'C:/Users/dkeum/audio_tutorial/audio_tutorial/audio_tutorial.srcs/sources_1/bd/design_1/design_1.bd', but fileset 'design_1_led_controller_0_0' still exists. The fileset and corresponding run(s) will be deleted the next time top-level synthesis is run.
WARNING: [Project 1-533] File 'C:/Users/dkeum/audio_tutorial/audio_tutorial/audio_tutorial.srcs/sources_1/bd/design_1/ip/design_1_processing_system7_0_0/design_1_processing_system7_0_0.xci' could not be found in the subdesign 'C:/Users/dkeum/audio_tutorial/audio_tutorial/audio_tutorial.srcs/sources_1/bd/design_1/design_1.bd', but fileset 'design_1_processing_system7_0_0' still exists. The fileset and corresponding run(s) will be deleted the next time top-level synthesis is run.
WARNING: [Project 1-533] File 'C:/Users/dkeum/audio_tutorial/audio_tutorial/audio_tutorial.srcs/sources_1/bd/design_1/ip/design_1_axi_gpio_0_0/design_1_axi_gpio_0_0.xci' could not be found in the subdesign 'C:/Users/dkeum/audio_tutorial/audio_tutorial/audio_tutorial.srcs/sources_1/bd/design_1/design_1.bd', but fileset 'design_1_axi_gpio_0_0' still exists. The fileset and corresponding run(s) will be deleted the next time top-level synthesis is run.
WARNING: [Project 1-533] File 'C:/Users/dkeum/audio_tutorial/audio_tutorial/audio_tutorial.srcs/sources_1/bd/design_1/ip/design_1_xbar_0/design_1_xbar_0.xci' could not be found in the subdesign 'C:/Users/dkeum/audio_tutorial/audio_tutorial/audio_tutorial.srcs/sources_1/bd/design_1/design_1.bd', but fileset 'design_1_xbar_0' still exists. The fileset and corresponding run(s) will be deleted the next time top-level synthesis is run.
WARNING: [Project 1-231] Project 'audio_tutorial.xpr' was created with a future version and may or may not perform reliably with this version of Vivado. It has been opened in read-only mode for the protection of unrecognized data. Use 'File | Save Project As...' if you wish to alter a copy of the project.
INFO: [IP_Flow 19-234] Refreshing IP repositories
INFO: [IP_Flow 19-1700] Loaded user IP repository 'c:/Users/dkeum/Downloads/sources/zedboard/adventures_with_ip_integrator/ip'.
INFO: [IP_Flow 19-2313] Loaded Vivado IP repository 'C:/Xilinx/Vivado/2018.1/data/ip'.
ERROR: [Common 17-39] 'open_project' failed due to earlier errors.
update_compile_order -fileset sources_1
exit
INFO: [Common 17-206] Exiting Vivado at Tue Jan 17 11:22:18 2023...
